<?xml version="1.0" encoding="utf-8"?><testsuites name="pytest tests"><testsuite name="pytest" errors="0" failures="0" skipped="0" tests="25" time="11.125" timestamp="2026-07-17T15:50:38.637074+00:00" hostname="agent-env-a68937d3-6edd-4c23-88ed-7127d75b9d22"><testcase classname="tests.backend_test.TestAuth" name="test_login_admin" time="0.746" /><testcase classname="tests.backend_test.TestRouter" name="test_get_config" time="2.364" /><testcase classname="tests.backend_test.TestAuth" name="test_login_student" time="0.443" /><testcase classname="tests.backend_test.TestAuth" name="test_login_parent" time="0.403" /><testcase classname="tests.backend_test.TestAuth" name="test_login_invalid" time="0.341" /><testcase classname="tests.backend_test.TestAuth" name="test_me_requires_auth" time="0.188" /><testcase classname="tests.backend_test.TestRouter" name="test_patch_provider_toggle" time="0.701" /><testcase classname="tests.backend_test.TestAuth" name="test_me_ok" time="0.482" /><testcase classname="tests.backend_test.TestAuth" name="test_register_new_student" time="0.787" /><testcase classname="tests.backend_test.TestRouter" name="test_update_order" time="0.648" /><testcase classname="tests.backend_test.TestAuth" name="test_register_duplicate" time="0.267" /><testcase classname="tests.backend_test.TestPacks" name="test_list_seed_packs" time="0.144" /><testcase classname="tests.backend_test.TestRouter" name="test_update_prompts" time="0.338" /><testcase classname="tests.backend_test.TestPacks" name="test_admin_can_create_pack" time="0.455" /><testcase classname="tests.backend_test.TestRouter" name="test_save_provider_api_key" time="0.553" /><testcase classname="tests.backend_test.TestContent" name="test_stats" time="0.123" /><testcase classname="tests.backend_test.TestPacks" name="test_student_cannot_create_pack" time="0.509" /><testcase classname="tests.backend_test.TestContent" name="test_manual_create_then_publish" time="0.487" /><testcase classname="tests.backend_test.TestPacks" name="test_student_enroll_and_mine" time="0.442" /><testcase classname="tests.backend_test.TestRoleGating" name="test_student_cannot_access_router_config" time="0.324" /><testcase classname="tests.backend_test.TestContent" name="test_student_sees_only_published" time="0.833" /><testcase classname="tests.backend_test.TestRoleGating" name="test_parent_cannot_access_stats" time="0.455" /><testcase classname="tests.backend_test.TestRoleGating" name="test_student_cannot_generate" time="0.133" /><testcase classname="tests.backend_test.TestContent" name="test_ai_generate_summary" time="4.352" /><testcase classname="tests.backend_test.TestHealth" name="test_root" time="0.159" /></testsuite></testsuites>